# JRE version: Java(TM) SE Runtime Environment 18.9 (11.0.8+10) (build 11.0.8+10-LTS)
# Java VM: Java HotSpot(TM) 64-Bit Server VM 18.9 (11.0.8+10-LTS, mixed mode, tiered, compressed oops, g1 gc, windows-amd64)
Heap:
 garbage-first heap   total 65536K, used 27687K [0x00000000c1e00000, 0x0000000100000000)
  region size 1024K, 3 young (3072K), 1 survivors (1024K)
 Metaspace       used 66312K, capacity 67741K, committed 68400K, reserved 1107968K
  class space    used 8292K, capacity 8851K, committed 9088K, reserved 1048576K
GC Heap History (10 events):
Event: 23165.729 GC heap before
{Heap before GC invocations=28 (full 0):
 garbage-first heap   total 65536K, used 29769K [0x00000000c1e00000, 0x0000000100000000)
  region size 1024K, 3 young (3072K), 1 survivors (1024K)
 Metaspace       used 66276K, capacity 67741K, committed 68400K, reserved 1107968K
  class space    used 8292K, capacity 8851K, committed 9088K, reserved 1048576K
}
Event: 23166.650 GC heap after
{Heap after GC invocations=29 (full 0):
 garbage-first heap   total 65536K, used 27449K [0x00000000c1e00000, 0x0000000100000000)
  region size 1024K, 1 young (1024K), 1 survivors (1024K)
 Metaspace       used 66276K, capacity 67741K, committed 68400K, reserved 1107968K
  class space    used 8292K, capacity 8851K, committed 9088K, reserved 1048576K
}
Event: 24950.837 GC heap before
{Heap before GC invocations=29 (full 0):
 garbage-first heap   total 65536K, used 29497K [0x00000000c1e00000, 0x0000000100000000)
  region size 1024K, 3 young (3072K), 1 survivors (1024K)
 Metaspace       used 66285K, capacity 67741K, committed 68400K, reserved 1107968K
  class space    used 8292K, capacity 8851K, committed 9088K, reserved 1048576K
}
Event: 24953.081 GC heap after
{Heap after GC invocations=30 (full 0):
 garbage-first heap   total 65536K, used 26220K [0x00000000c1e00000, 0x0000000100000000)
  region size 1024K, 1 young (1024K), 1 survivors (1024K)
 Metaspace       used 66285K, capacity 67741K, committed 68400K, reserved 1107968K
  class space    used 8292K, capacity 8851K, committed 9088K, reserved 1048576K
}
Event: 26667.686 GC heap before
{Heap before GC invocations=30 (full 0):
 garbage-first heap   total 65536K, used 28268K [0x00000000c1e00000, 0x0000000100000000)
  region size 1024K, 3 young (3072K), 1 survivors (1024K)
 Metaspace       used 66293K, capacity 67741K, committed 68400K, reserved 1107968K
  class space    used 8292K, capacity 8851K, committed 9088K, reserved 1048576K
}
Event: 26667.876 GC heap after
{Heap after GC invocations=31 (full 0):
 garbage-first heap   total 65536K, used 26510K [0x00000000c1e00000, 0x0000000100000000)
  region size 1024K, 1 young (1024K), 1 survivors (1024K)
 Metaspace       used 66293K, capacity 67741K, committed 68400K, reserved 1107968K
  class space    used 8292K, capacity 8851K, committed 9088K, reserved 1048576K
}
Event: 28402.842 GC heap before
{Heap before GC invocations=31 (full 0):
 garbage-first heap   total 65536K, used 28558K [0x00000000c1e00000, 0x0000000100000000)
  region size 1024K, 3 young (3072K), 1 survivors (1024K)
 Metaspace       used 66298K, capacity 67741K, committed 68400K, reserved 1107968K
  class space    used 8292K, capacity 8851K, committed 9088K, reserved 1048576K
}
Event: 28402.876 GC heap after
{Heap after GC invocations=32 (full 0):
 garbage-first heap   total 65536K, used 26576K [0x00000000c1e00000, 0x0000000100000000)
  region size 1024K, 1 young (1024K), 1 survivors (1024K)
 Metaspace       used 66298K, capacity 67741K, committed 68400K, reserved 1107968K
  class space    used 8292K, capacity 8851K, committed 9088K, reserved 1048576K
}
Event: 30140.440 GC heap before
{Heap before GC invocations=32 (full 0):
 garbage-first heap   total 65536K, used 28624K [0x00000000c1e00000, 0x0000000100000000)
  region size 1024K, 3 young (3072K), 1 survivors (1024K)
 Metaspace       used 66301K, capacity 67741K, committed 68400K, reserved 1107968K
  class space    used 8292K, capacity 8851K, committed 9088K, reserved 1048576K
}
Event: 30140.536 GC heap after
{Heap after GC invocations=33 (full 0):
 garbage-first heap   total 65536K, used 26663K [0x00000000c1e00000, 0x0000000100000000)
  region size 1024K, 1 young (1024K), 1 survivors (1024K)
 Metaspace       used 66301K, capacity 67741K, committed 68400K, reserved 1107968K
  class space    used 8292K, capacity 8851K, committed 9088K, reserved 1048576K
}

